[debug] [2021-08-06T23:52:21.455Z] ----------------------------------------------------------------------
[debug] [2021-08-06T23:52:21.457Z] Command:       C:\Program Files\nodejs\node.exe C:\Users\frase\AppData\Roaming\npm\node_modules\firebase-tools\lib\bin\firebase.js deploy
[debug] [2021-08-06T23:52:21.457Z] CLI Version:   9.12.1
[debug] [2021-08-06T23:52:21.457Z] Platform:      win32
[debug] [2021-08-06T23:52:21.457Z] Node Version:  v14.16.0
[debug] [2021-08-06T23:52:21.458Z] Time:          Sat Aug 07 2021 00:52:21 GMT+0100 (British Summer Time)
[debug] [2021-08-06T23:52:21.458Z] ----------------------------------------------------------------------
[debug] 
[debug] [2021-08-06T23:52:21.465Z] > command requires scopes: ["email","openid","https://www.googleapis.com/auth/cloudplatformprojects.readonly","https://www.googleapis.com/auth/firebase","https://www.googleapis.com/auth/cloud-platform"]
[debug] [2021-08-06T23:52:21.465Z] > authorizing via signed-in user (frasyb007@googlemail.com)
[debug] [2021-08-06T23:52:21.465Z] [iam] checking project random-attacks for permissions ["cloudfunctions.functions.create","cloudfunctions.functions.delete","cloudfunctions.functions.get","cloudfunctions.functions.list","cloudfunctions.functions.update","cloudfunctions.operations.get","datastore.indexes.create","datastore.indexes.delete","datastore.indexes.list","datastore.indexes.update","firebase.projects.get","firebasehosting.sites.update","firebaserules.releases.create","firebaserules.releases.update","firebaserules.rulesets.create"]
[debug] [2021-08-06T23:52:21.467Z] >>> HTTP REQUEST POST https://cloudresourcemanager.googleapis.com/v1/projects/random-attacks:testIamPermissions  
 {"permissions":["cloudfunctions.functions.create","cloudfunctions.functions.delete","cloudfunctions.functions.get","cloudfunctions.functions.list","cloudfunctions.functions.update","cloudfunctions.operations.get","datastore.indexes.create","datastore.indexes.delete","datastore.indexes.list","datastore.indexes.update","firebase.projects.get","firebasehosting.sites.update","firebaserules.releases.create","firebaserules.releases.update","firebaserules.rulesets.create"]}
[debug] [2021-08-06T23:52:22.090Z] <<< HTTP RESPONSE 200 {"content-type":"application/json; charset=UTF-8","vary":"X-Origin, Referer, Origin,Accept-Encoding","date":"Fri, 06 Aug 2021 23:52:20 GMT","server":"ESF","cache-control":"private","x-xss-protection":"0","x-frame-options":"SAMEORIGIN","x-content-type-options":"nosniff","server-timing":"gfet4t7; dur=549","alt-svc":"h3=\":443\"; ma=2592000,h3-29=\":443\"; ma=2592000,h3-T051=\":443\"; ma=2592000,h3-Q050=\":443\"; ma=2592000,h3-Q046=\":443\"; ma=2592000,h3-Q043=\":443\"; ma=2592000,quic=\":443\"; ma=2592000; v=\"46,43\"","accept-ranges":"none","transfer-encoding":"chunked"}
[debug] [2021-08-06T23:52:22.091Z] >>> HTTP REQUEST POST https://iam.googleapis.com/v1/projects/random-attacks/serviceAccounts/random-attacks@appspot.gserviceaccount.com:testIamPermissions  
 {"permissions":["iam.serviceAccounts.actAs"]}
[debug] [2021-08-06T23:52:22.660Z] <<< HTTP RESPONSE 200 {"content-type":"application/json; charset=UTF-8","vary":"X-Origin, Referer, Origin,Accept-Encoding","date":"Fri, 06 Aug 2021 23:52:21 GMT","server":"ESF","cache-control":"private","x-xss-protection":"0","x-frame-options":"SAMEORIGIN","x-content-type-options":"nosniff","alt-svc":"h3=\":443\"; ma=2592000,h3-29=\":443\"; ma=2592000,h3-T051=\":443\"; ma=2592000,h3-Q050=\":443\"; ma=2592000,h3-Q046=\":443\"; ma=2592000,h3-Q043=\":443\"; ma=2592000,quic=\":443\"; ma=2592000; v=\"46,43\"","accept-ranges":"none","transfer-encoding":"chunked"}
[debug] [2021-08-06T23:52:22.661Z] > refreshing access token with scopes: []
[debug] [2021-08-06T23:52:22.661Z] >>> HTTP REQUEST POST https://www.googleapis.com/oauth2/v3/token  
 <request body omitted>
[debug] [2021-08-06T23:52:22.749Z] <<< HTTP RESPONSE 200 {"cache-control":"no-cache, no-store, max-age=0, must-revalidate","date":"Fri, 06 Aug 2021 23:52:21 GMT","expires":"Mon, 01 Jan 1990 00:00:00 GMT","pragma":"no-cache","content-type":"application/json; charset=utf-8","vary":"X-Origin, Referer, Origin,Accept-Encoding","server":"scaffolding on HTTPServer2","x-xss-protection":"0","x-frame-options":"SAMEORIGIN","x-content-type-options":"nosniff","alt-svc":"h3=\":443\"; ma=2592000,h3-29=\":443\"; ma=2592000,h3-T051=\":443\"; ma=2592000,h3-Q050=\":443\"; ma=2592000,h3-Q046=\":443\"; ma=2592000,h3-Q043=\":443\"; ma=2592000,quic=\":443\"; ma=2592000; v=\"46,43\"","accept-ranges":"none","transfer-encoding":"chunked"}
[debug] [2021-08-06T23:52:22.765Z] >>> [apiv2][query] GET https://firebase.googleapis.com/v1beta1/projects/random-attacks [none]
[debug] [2021-08-06T23:52:22.949Z] <<< [apiv2][status] GET https://firebase.googleapis.com/v1beta1/projects/random-attacks 200
[debug] [2021-08-06T23:52:22.949Z] <<< [apiv2][body] GET https://firebase.googleapis.com/v1beta1/projects/random-attacks {"projectId":"random-attacks","projectNumber":"945633082803","displayName":"random-attacks","name":"projects/random-attacks","resources":{"hostingSite":"random-attacks","storageBucket":"random-attacks.appspot.com","locationId":"europe-west2"},"state":"ACTIVE"}
[info] 
[info] === Deploying to 'random-attacks'...
[info] 
[info] i  deploying storage, firestore, functions, hosting 
[info] Running command: npm --prefix "$RESOURCE_DIR" run lint
